dog breeds 2.0/gradleBuild/intermediates/manifest_merge_blame_file/debug/manifest-merger-blame-debug-report.txt
1<?xml version="1.0" encoding="utf-8"?>
2<manifest xmlns:android="http://schemas.android.com/apk/res/android"
3    package="com.jstappdev.dbclf"
4    android:versionCode="103"
5    android:versionName="45" >
6
7    <uses-sdk
8        android:minSdkVersion="21"
8-->Desktop\dog breeds\AndroidManifest.xml
9        android:targetSdkVersion="30" />
9-->Desktop\dog breeds\AndroidManifest.xml
10
11    <uses-permission android:name="android.permission.CAMERA" />
11-->Desktop\dog breeds\AndroidManifest.xml:6:5-65
11-->Desktop\dog breeds\AndroidManifest.xml:6:22-62
12    <uses-permission android:name="android.permission.READ_EXTERNAL_STORAGE" />
12-->Desktop\dog breeds\AndroidManifest.xml:7:5-80
12-->Desktop\dog breeds\AndroidManifest.xml:7:22-77
13    <uses-permission android:name="android.permission.WRITE_EXTERNAL_STORAGE" />
13-->Desktop\dog breeds\AndroidManifest.xml:8:5-81
13-->Desktop\dog breeds\AndroidManifest.xml:8:22-78
14
15    <uses-feature android:name="android.hardware.camera" />
15-->Desktop\dog breeds\AndroidManifest.xml:15:5-60
15-->Desktop\dog breeds\AndroidManifest.xml:15:19-57
16    <uses-feature android:name="android.hardware.camera.autofocus" />
16-->Desktop\dog breeds\AndroidManifest.xml:16:5-70
16-->Desktop\dog breeds\AndroidManifest.xml:16:19-67
17
18    <application
18-->Desktop\dog breeds\AndroidManifest.xml:18:5-43:19
19        android:allowBackup="true"
19-->Desktop\dog breeds\AndroidManifest.xml:19:9-35
20        android:appComponentFactory="androidx.core.app.CoreComponentFactory"
20-->[androidx.core:core:1.3.1] AndroidManifest.xml:24:18-86
21        android:debuggable="true"
22        android:icon="@drawable/ic_launcher"
22-->Desktop\dog breeds\AndroidManifest.xml:20:9-45
23        android:label="@string/app_name"
23-->Desktop\dog breeds\AndroidManifest.xml:21:9-41
24        android:testOnly="true" >
25        <activity
25-->Desktop\dog breeds\AndroidManifest.xml:24:9-41:20
26            android:name="com.jstappdev.dbclf.ClassifierActivity"
26-->Desktop\dog breeds\AndroidManifest.xml:25:13-47
27            android:label="@string/activity_name_classification"
27-->Desktop\dog breeds\AndroidManifest.xml:26:13-65
28            android:screenOrientation="portrait" >
28-->Desktop\dog breeds\AndroidManifest.xml:27:13-49
29            <intent-filter>
29-->Desktop\dog breeds\AndroidManifest.xml:29:13-33:29
30                <action android:name="android.intent.action.MAIN" />
30-->Desktop\dog breeds\AndroidManifest.xml:30:17-69
30-->Desktop\dog breeds\AndroidManifest.xml:30:25-66
31
32                <category android:name="android.intent.category.LAUNCHER" />
32-->Desktop\dog breeds\AndroidManifest.xml:32:17-77
32-->Desktop\dog breeds\AndroidManifest.xml:32:27-74
33            </intent-filter>
34            <intent-filter>
34-->Desktop\dog breeds\AndroidManifest.xml:34:13-40:29
35                <action android:name="android.intent.action.SEND" />
35-->Desktop\dog breeds\AndroidManifest.xml:35:17-69
35-->Desktop\dog breeds\AndroidManifest.xml:35:25-66
36
37                <category android:name="android.intent.category.DEFAULT" />
37-->Desktop\dog breeds\AndroidManifest.xml:37:17-76
37-->Desktop\dog breeds\AndroidManifest.xml:37:27-73
38
39                <data android:mimeType="image/*" />
39-->Desktop\dog breeds\AndroidManifest.xml:39:17-52
39-->Desktop\dog breeds\AndroidManifest.xml:39:23-49
40            </intent-filter>
41        </activity>
42        <activity android:name="com.jstappdev.dbclf.SimpleListActivity" />
42-->Desktop\dog breeds\AndroidManifest.xml:42:9-56
42-->Desktop\dog breeds\AndroidManifest.xml:42:19-53
43    </application>
44
45</manifest>